{
  "numFailedTestSuites": 1,
  "numFailedTests": 2,
  "numPassedTestSuites": 0,
  "numPassedTests": 11,
  "numPendingTestSuites": 0,
  "numPendingTests": 0,
  "numRuntimeErrorTestSuites": 0,
  "numTodoTests": 0,
  "numTotalTestSuites": 1,
  "numTotalTests": 13,
  "openHandles": [],
  "snapshot": {
    "added": 0,
    "didUpdate": false,
    "failure": false,
    "filesAdded": 0,
    "filesRemoved": 0,
    "filesRemovedList": [],
    "filesUnmatched": 0,
    "filesUpdated": 0,
    "matched": 0,
    "total": 0,
    "unchecked": 0,
    "uncheckedKeysByFile": [],
    "unmatched": 0,
    "updated": 0
  },
  "startTime": 1784381979562,
  "success": false,
  "testResults": [
    {
      "assertionResults": [
        {
          "ancestorTitles": ["ApplicationConsole"],
          "failureMessages": [],
          "fullName": "ApplicationConsole renders status list for all services",
          "location": null,
          "status": "passed",
          "title": "renders status list for all services"
        },
        {
          "ancestorTitles": ["ApplicationConsole"],
          "failureMessages": [],
          "fullName": "ApplicationConsole shows a loading state before status resolves",
          "location": null,
          "status": "passed",
          "title": "shows a loading state before status resolves"
        },
        {
          "ancestorTitles": ["ApplicationConsole"],
          "failureMessages": [],
          "fullName": "ApplicationConsole shows the disabled message when the console feature is 404",
          "location": null,
          "status": "passed",
          "title": "shows the disabled message when the console feature is 404"
        },
        {
          "ancestorTitles": ["ApplicationConsole"],
          "failureMessages": [],
          "fullName": "ApplicationConsole shows a generic error message on a non-404 status failure",
          "location": null,
          "status": "passed",
          "title": "shows a generic error message on a non-404 status failure"
        },
        {
          "ancestorTitles": ["ApplicationConsole"],
          "failureMessages": [
            "Error: expect(jest.fn()).toHaveBeenCalledWith(...expected)\n\nExpected: \"wealth\"\nReceived: \"wealth\", {\"client\": {}, \"meta\": undefined, \"mutationKey\": undefined}\n\nNumber of calls: 1\n\nIgnored nodes: comments, script, style\n\u001b[36m<html>\u001b[39m\n  \u001b[36m<head />\u001b[39m\n  \u001b[36m<body>\u001b[39m\n    \u001b[36m<div>\u001b[39m\n      \u001b[36m<div\u001b[39m\n        \u001b[33mclass\u001b[39m=\u001b[32m\"p-6 max-w-3xl mx-auto\"\u001b[39m\n      \u001b[36m>\u001b[39m\n        \u001b[36m<h1\u001b[39m\n          \u001b[33mclass\u001b[39m=\u001b[32m\"text-3xl font-bold text-gray-900 mb-1\"\u001b[39m\n        \u001b[36m>\u001b[39m\n          \u001b[0mApplication Console\u001b[0m\n        \u001b[36m</h1>\u001b[39m\n        \u001b[36m<p\u001b[39m\n          \u001b[33mclass\u001b[39m=\u001b[32m\"text-sm text-gray-500 mb-6\"\u001b[39m\n        \u001b[36m>\u001b[39m\n          \u001b[0mLive status, start/stop controls, and recent errors for every Suchika service.\u001b[0m\n        \u001b[36m</p>\u001b[39m\n        \u001b[36m<div\u001b[39m\n          \u001b[33mclass\u001b[39m=\u001b[32m\"space-y-3\"\u001b[39m\n        \u001b[36m>\u001b[39m\n          \u001b[36m<div\u001b[39m\n            \u001b[33mclass\u001b[39m=\u001b[32m\"bg-white rounded-xl border border-gray-100 shadow-sm p-4\"\u001b[39m\n            \u001b[33mdata-testid\u001b[39m=\u001b[32m\"service-row-profile\"\u001b[39m\n          \u001b[36m>\u001b[39m\n            \u001b[36m<div\u001b[39m\n              \u001b[33mclass\u001b[39m=\u001b[32m\"flex items-center justify-between\"\u001b[39m\n            \u001b[36m>\u001b[39m\n              \u001b[36m<div>\u001b[39m\n                \u001b[36m<p\u001b[39m\n                  \u001b[33mclass\u001b[39m=\u001b[32m\"text-sm font-semibold text-gray-900\"\u001b[39m\n                \u001b[36m>\u001b[39m\n                  \u001b[0mprofile\u001b[0m\n                \u001b[36m</p>\u001b[39m\n                \u001b[36m<p\u001b[39m\n                  \u001b[33mclass\u001b[39m=\u001b[32m\"text-xs text-gray-400\"\u001b[39m\n                \u001b[36m>\u001b[39m\n                  \u001b[0mbackend\u001b[0m\n                  \u001b[0m · port \u001b[0m\n                  \u001b[0m8081\u001b[0m\n                \u001b[36m</p>\u001b[39m\n              \u001b[36m</div>\u001b[39m\n              \u001b[36m<div\u001b[39m\n                \u001b[33mclass\u001b[39m=\u001b[32m\"flex items-center gap-3\"\u001b[39m\n              \u001b[36m>\u001b[39m\n                \u001b[36m<span\u001b[39m\n                  \u001b[33mclass\u001b[39m=\u001b[32m\"px-2.5 py-0.5 rounded-full text-xs font-semibold tracking-wide border bg-green-50 text-green-700 border-green-200/50 shadow-sm\"\u001b[39m\n                \u001b[36m>\u001b[39m\n                  \u001b[0mUP\u001b[0m\n                \u001b[36m</span>\u001b[39m\n                \u001b[36m<button\u001b[39m\n                  \u001b[33mclass\u001b[39m=\u001b[32m\"bg-green-600 text-white px-3 py-1.5 rounded-lg text-xs font-medium hover:bg-green-700 disabled:opacity-50\"\u001b[39m\n                  \u001b[33mdisabled\u001b[39m=\u001b[32m\"\"\u001b[39m\n                  \u001b[33mtype\u001b[39m=\u001b[32m\"button\"\u001b[39m\n                \u001b[36m>\u001b[39m\n                  \u001b[0mStart\u001b[0m\n                \u001b[36m</button>\u001b[39m\n                \u001b[36m<button\u001b[39m\n                  \u001b[33mclass\u001b[39m=\u001b[32m\"bg-red-600 text-white px-3 py-1.5 rounded-lg text-xs font-medium hover:bg-red-700 disabled:opacity-50\"\u001b[39m\n                  \u001b[33mtype\u001b[39m=\u001b[32m\"button\"\u001b[39m\n                \u001b[36m>\u001b[39m\n                  \u001b[0mStop\u001b[0m\n                \u001b[36m</button>\u001b[39m\n              \u001b[36m</div>\u001b[39m\n            \u001b[36m</div>\u001b[39m\n            \u001b[36m<div\u001b[39m\n              \u001b[33mclass\u001b[39m=\u001b[32m\"mt-3 pt-3 border-t border-gray-100\"\u001b[39m\n            \u001b[36m>\u001b[39m\n              \u001b[36m<button\u001b[39m\n                \u001b[33maria-label\u001b[39m=\u001b[32m\"Expand profile errors\"\u001b[39m\n                \u001b[33mclass\u001b[39m=\u001b[32m\"text-xs text-gray-500 hover:text-gray-700 flex items-center gap-1\"\u001b[39m\n                \u001b[33mtype\u001b[39m=\u001b[32m\"button\"\u001b[39m\n              \u001b[36m>\u001b[39m\n                \u001b[36m<span>\u001b[39m\n                  \u001b[0m▸\u001b[0m\n                \u001b[36m</span>\u001b[39m\n                \u001b[36m<span>\u001b[39m\n                  \u001b[0m0 recent errors\u001b[0m\n                \u001b[36m</span>\u001b[39m\n              \u001b[36m</button>\u001b[39m\n            \u001b[36m</div>\u001b[39m\n          \u001b[36m</div>\u001b[39m\n          \u001b[36m<div\u001b[39m\n            \u001b[33mclass\u001b[39m=\u001b[32m\"bg-white rounded-xl border border-gray-100 shadow-sm p-4\"\u001b[39m\n            \u001b[33mdata-testid\u001b[39m=\u001b[32m\"service-row-wealth\"\u001b[39m\n          \u001b[36m>\u001b[39m\n            \u001b[36m<div\u001b[39m\n              \u001b[33mclass\u001b[39m=\u001b[32m\"flex items-center justify-between\"\u001b[39m\n            \u001b[36m>\u001b[39m\n              \u001b[36m<div>\u001b[39m\n                \u001b[36m<p\u001b[39m\n                  \u001b[33mclass\u001b[39m=\u001b[32m\"text-sm font-semibold text-gray-900\"\u001b[39m\n                \u001b[36m>\u001b[39m\n                  \u001b[0mwealth\u001b[0m\n                \u001b[36m</p>\u001b[39m\n                \u001b[36m<p\u001b[39m\n                  \u001b[33mclass\u001b[39m=\u001b[32m\"text-xs text-gray-400\"\u001b[39m\n                \u001b[36m>\u001b[39m\n                  \u001b[0mbackend\u001b[0m\n                  \u001b[0m · port \u001b[0m\n                  \u001b[0m8082\u001b[0m\n                \u001b[36m</p>\u001b[39m\n              \u001b[36m</div>\u001b[39m\n              \u001b[36m<div\u001b[39m\n                \u001b[33mclass\u001b[39m=\u001b[32m\"flex items-center gap-3\"\u001b[39m\n              \u001b[36m>\u001b[39m\n                \u001b[36m<span\u001b[39m\n                  \u001b[33mclass\u001b[39m=\u001b[32m\"px-2.5 py-0.5 rounded-full text-xs font-semibold tracking-wide border bg-red-50 text-red-700 border-red-200/50 shadow-sm\"\u001b[39m\n                \u001b[36m>\u001b[39m\n                  \u001b[0mDOWN\u001b[0m\n                \u001b[36m</span>\u001b[39m\n                \u001b[36m<button\u001b[39m\n                  \u001b[33mclass\u001b[39m=\u001b[32m\"bg-green-600 text-white px-3 py-1.5 rounded-lg text-xs font-medium hover:bg-green-700 disabled:opacity-50\"\u001b[39m\n                  \u001b[33mtype\u001b[39m=\u001b[32m\"button\"\u001b[39m\n                \u001b[36m>\u001b[39m\n                  \u001b[0mStart\u001b[0m\n                \u001b[36m</button>\u001b[39m\n                \u001b[36m<button\u001b[39m\n                  \u001b[33mclass\u001b[39m=\u001b[32m\"bg-red-600 text-white px-3 py-1.5 rounded-lg text-xs font-medium hover:bg-red-700 disabled:opacity-50\"\u001b[39m\n                  \u001b[33mdisabled\u001b[39m=\u001b[32m\"\"\u001b[39m\n                  \u001b[33mtype\u001b[39m=\u001b[32m\"button\"\u001b[39m\n                \u001b[36m>\u001b[39m\n                  \u001b[0mStop\u001b[0m\n                \u001b[36m</button>\u001b[39m\n              \u001b[36m</div>\u001b[39m\n            \u001b[36m</div>\u001b[39m\n            \u001b[36m<div\u001b[39m\n              \u001b[33mclass\u001b[39m=\u001b[32m\"mt-3 pt-3 border-t border-gray-100\"\u001b[39m\n            \u001b[36m>\u001b[39m\n              \u001b[36m<button\u001b[39m\n                \u001b[33maria-label\u001b[39m=\u001b[32m\"Expand wealth errors\"\u001b[39m\n                \u001b[33mclass\u001b[39m=\u001b[32m\"text-xs text-gray-500 hover:text-gray-700 flex items-center gap-1\"\u001b[39m\n                \u001b[33mtype\u001b[39m=\u001b[32m\"button\"\u001b[39m\n              \u001b[36m>\u001b[39m\n                \u001b[36m<span>\u001b[39m\n                  \u001b[0m▸\u001b[0m\n                \u001b[36m</span>\u001b[39m\n                \u001b[36m<span>\u001b[39m\n                  \u001b[0m1 recent error\u001b[0m\n                \u001b[36m</span>\u001b[39m\n              \u001b[36m</button>\u001b[39m\n            \u001b[36m</div>\u001b[39m\n          \u001b[36m</div>\u001b[39m\n          \u001b[36m<div\u001b[39m\n            \u001b[33mclass\u001b[39m=\u001b[32m\"bg-white rounded-xl border border-gray-100 shadow-sm p-4\"\u001b[39m\n            \u001b[33mdata-testid\u001b[39m=\u001b[32m\"service-row-gateway\"\u001b[39m\n          \u001b[36m>\u001b[39m\n            \u001b[36m<div\u001b[39m\n              \u001b[33mclass\u001b[39m=\u001b[32m\"flex items-center justify-between\"\u001b[39m\n            \u001b[36m>\u001b[39m\n              \u001b[36m<div>\u001b[39m\n                \u001b[36m<p\u001b[39m\n                  \u001b[33mclass\u001b[39m=\u001b[32m\"text-sm font-semibold text-gray-900\"\u001b[39m\n                \u001b[36m>\u001b[39m\n                  \u001b[0mgateway\u001b[0m\n                \u001b[36m</p>\u001b[39m\n                \u001b[36m<p\u001b[39m\n                  \u001b[33mclass\u001b[39m=\u001b[32m\"text-xs text-gray-400\"\u001b[39m\n                \u001b[36m>\u001b[39m\n                  \u001b[0mbackend\u001b[0m\n                  \u001b[0m · port \u001b[0m\n                  \u001b[0m8080\u001b[0m\n                \u001b[36m</p>\u001b[39m\n              \u001b[36m</div>\u001b[39m\n              \u001b[36m<div\u001b[39m\n                \u001b[33mclass\u001b[39m=\u001b[32m\"flex items-center gap-3\"\u001b[39m\n              \u001b[36m>\u001b[39m\n                \u001b[36m<span\u001b[39m\n                  \u001b[33mclass\u001b[39m=\u001b[32m\"px-2.5 py-0.5 rounded-full text-xs font-semibold tracking-wide border bg-green-50 text-green-700 border-green-200/50 shadow-sm\"\u001b[39m\n                \u001b[36m>\u001b[39m\n                  \u001b[0mUP\u001b[0m\n                \u001b[36m</span>\u001b[39m\n                \u001b[36m<button\u001b[39m\n                  \u001b[33mclass\u001b[39m=\u001b[32m\"bg-green-600 text-white px-3 py-1.5 rounded-lg text-xs font-medium hover:bg-green-700 disabled:opacity-50\"\u001b[39m\n                  \u001b[33mdisabled\u001b[39m=\u001b[32m\"\"\u001b[39m\n                  \u001b[33mtype\u001b[39m=\u001b[32m\"button\"\u001b[39m\n                \u001b[36m>\u001b[39m\n                  \u001b[0mStart\u001b[0m\n                \u001b[36m</button>\u001b[39m\n                \u001b[36m<button\u001b[39m\n                  \u001b[33mclass\u001b[39m=\u001b[32m\"bg-red-600 text-white px-3 py-1.5 rounded-lg text-xs font-medium hover:bg-red-700 disabled:opacity-50\"\u001b[39m\n                  \u001b[33mtype\u001b[39m=\u001b[32m\"button\"\u001b[39m\n                \u001b[36m>\u001b[39m\n                  \u001b[0mStop\u001b[0m\n                \u001b[36m</button>\u001b[39m\n              \u001b[36m</div>\u001b[39m\n            \u001b[36m</div>\u001b[39m\n          \u001b[36m</div>\u001b[39m\n          \u001b[36m<div\u001b[39m\n            \u001b[33mclass\u001b[39m=\u001b[32m\"bg-white rounded-xl border border-gray-100 shadow-sm p-4\"\u001b[39m\n            \u001b[33mdata-testid\u001b[39m=\u001b[32m\"service-row-web\"\u001b[39m\n          \u001b[36m>\u001b[39m\n            \u001b[36m<div\u001b[39m\n              \u001b[33mclass\u001b[39m=\u001b[32m\"flex items-center justify-between\"\u001b[39m\n            \u001b[36m>\u001b[39m\n              \u001b[36m<div>\u001b[39m\n                \u001b[36m<p\u001b[39m\n                  \u001b[33mclass\u001b[39m=\u001b[32m\"text-sm font-semibold text-gray-900\"\u001b[39m\n                \u001b[36m>\u001b[39m\n                  \u001b[0mweb\u001b[0m\n                \u001b[36m</p>\u001b[39m\n                \u001b[36m<p\u001b[39m\n                  \u001b[33mclass\u001b[39m=\u001b[32m\"text-xs text-gray-400\"\u001b[39m\n                \u001b[36m>\u001b[39m\n                  \u001b[0mfrontend\u001b[0m\n                  \u001b[0m · port \u001b[0m\n                  \u001b[0m3000\u001b[0m\n                \u001b[36m</p>\u001b[39m\n              \u001b[36m</div>\u001b[39m\n              \u001b[36m<div\u001b[39m\n                \u001b[33mclass\u001b[39m=\u001b[32m\"flex items-center gap-3\"\u001b[39m\n              \u001b[36m>\u001b[39m\n                \u001b[36m<span\u001b[39m\n                  \u001b[33mclass\u001b[39m=\u001b[32m\"px-2.5 py-0.5 rounded-full text-xs font-semibold tracking-wide border bg-green-50 text-green-700 border-green-200/50 shadow-sm\"\u001b[39m\n                \u001b[36m>\u001b[39m\n                  \u001b[0mUP\u001b[0m\n                \u001b[36m</span>\u001b[39m\n                \u001b[36m<button\u001b[39m\n                  \u001b[33mclass\u001b[39m=\u001b[32m\"bg-green-600 text-white px-3 py-1.5 rounded-lg text-xs font-medium hover:bg-green-700 disabled:opacity-50\"\u001b[39m\n                  \u001b[33mdisabled\u001b[39m=\u001b[32m\"\"\u001b[39m\n                  \u001b[33mtype\u001b[39m=\u001b[32m\"button\"\u001b[39m\n                \u001b[36m>\u001b[39m\n                  \u001b[0mStart\u001b[0m\n                \u001b[36m</button>\u001b[39m\n                \u001b[36m<button\u001b[39m\n                  \u001b[33mclass\u001b[39m=\u001b[32m\"bg-red-600 text-white px-3 py-1.5 rounded-lg text-xs font-medium hover:bg-red-700 disabled:opacity-50\"\u001b[39m\n                  \u001b[33mtype\u001b[39m=\u001b[32m\"button\"\u001b[39m\n                \u001b[36m>\u001b[39m\n                  \u001b[0mStop\u001b[0m\n                \u001b[36m</button>\u001b[39m\n              \u001b[36m</div>\u001b[39m\n            \u001b[36m</div>\u001b[39m\n          \u001b[36m</div>\u001b[39m\n        \u001b[36m</div>\u001b[39m\n      \u001b[36m</div>\u001b[39m\n    \u001b[36m</div>\u001b[39m\n  \u001b[36m</body>\u001b[39m\n\u001b[36m</html>\u001b[39m\n    at C:\\Users\\91779\\IdeaProjects\\suchika\\web\\src\\pages\\Admin\\ApplicationConsole.test.js:140:35\n    at runWithExpensiveErrorDiagnosticsDisabled (C:\\Users\\91779\\IdeaProjects\\suchika\\web\\node_modules\\@testing-library\\dom\\dist\\config.js:47:12)\n    at checkCallback (C:\\Users\\91779\\IdeaProjects\\suchika\\web\\node_modules\\@testing-library\\dom\\dist\\wait-for.js:124:77)\n    at checkRealTimersCallback (C:\\Users\\91779\\IdeaProjects\\suchika\\web\\node_modules\\@testing-library\\dom\\dist\\wait-for.js:118:16)\n    at Timeout.task [as _onTimeout] (C:\\Users\\91779\\IdeaProjects\\suchika\\web\\node_modules\\jsdom\\lib\\jsdom\\browser\\Window.js:516:19)\n    at listOnTimeout (node:internal/timers:605:17)\n    at processTimers (node:internal/timers:541:7)"
          ],
          "fullName": "ApplicationConsole calls startConsoleService with the right name and re-fetches status",
          "location": null,
          "status": "failed",
          "title": "calls startConsoleService with the right name and re-fetches status"
        },
        {
          "ancestorTitles": ["ApplicationConsole"],
          "failureMessages": [
            "Error: expect(jest.fn()).toHaveBeenCalledWith(...expected)\n\nExpected: \"profile\"\nReceived: \"profile\", {\"client\": {}, \"meta\": undefined, \"mutationKey\": undefined}\n\nNumber of calls: 1\n\nIgnored nodes: comments, script, style\n\u001b[36m<html>\u001b[39m\n  \u001b[36m<head />\u001b[39m\n  \u001b[36m<body>\u001b[39m\n    \u001b[36m<div>\u001b[39m\n      \u001b[36m<div\u001b[39m\n        \u001b[33mclass\u001b[39m=\u001b[32m\"p-6 max-w-3xl mx-auto\"\u001b[39m\n      \u001b[36m>\u001b[39m\n        \u001b[36m<h1\u001b[39m\n          \u001b[33mclass\u001b[39m=\u001b[32m\"text-3xl font-bold text-gray-900 mb-1\"\u001b[39m\n        \u001b[36m>\u001b[39m\n          \u001b[0mApplication Console\u001b[0m\n        \u001b[36m</h1>\u001b[39m\n        \u001b[36m<p\u001b[39m\n          \u001b[33mclass\u001b[39m=\u001b[32m\"text-sm text-gray-500 mb-6\"\u001b[39m\n        \u001b[36m>\u001b[39m\n          \u001b[0mLive status, start/stop controls, and recent errors for every Suchika service.\u001b[0m\n        \u001b[36m</p>\u001b[39m\n        \u001b[36m<div\u001b[39m\n          \u001b[33mclass\u001b[39m=\u001b[32m\"space-y-3\"\u001b[39m\n        \u001b[36m>\u001b[39m\n          \u001b[36m<div\u001b[39m\n            \u001b[33mclass\u001b[39m=\u001b[32m\"bg-white rounded-xl border border-gray-100 shadow-sm p-4\"\u001b[39m\n            \u001b[33mdata-testid\u001b[39m=\u001b[32m\"service-row-profile\"\u001b[39m\n          \u001b[36m>\u001b[39m\n            \u001b[36m<div\u001b[39m\n              \u001b[33mclass\u001b[39m=\u001b[32m\"flex items-center justify-between\"\u001b[39m\n            \u001b[36m>\u001b[39m\n              \u001b[36m<div>\u001b[39m\n                \u001b[36m<p\u001b[39m\n                  \u001b[33mclass\u001b[39m=\u001b[32m\"text-sm font-semibold text-gray-900\"\u001b[39m\n                \u001b[36m>\u001b[39m\n                  \u001b[0mprofile\u001b[0m\n                \u001b[36m</p>\u001b[39m\n                \u001b[36m<p\u001b[39m\n                  \u001b[33mclass\u001b[39m=\u001b[32m\"text-xs text-gray-400\"\u001b[39m\n                \u001b[36m>\u001b[39m\n                  \u001b[0mbackend\u001b[0m\n                  \u001b[0m · port \u001b[0m\n                  \u001b[0m8081\u001b[0m\n                \u001b[36m</p>\u001b[39m\n              \u001b[36m</div>\u001b[39m\n              \u001b[36m<div\u001b[39m\n                \u001b[33mclass\u001b[39m=\u001b[32m\"flex items-center gap-3\"\u001b[39m\n              \u001b[36m>\u001b[39m\n                \u001b[36m<span\u001b[39m\n                  \u001b[33mclass\u001b[39m=\u001b[32m\"px-2.5 py-0.5 rounded-full text-xs font-semibold tracking-wide border bg-green-50 text-green-700 border-green-200/50 shadow-sm\"\u001b[39m\n                \u001b[36m>\u001b[39m\n                  \u001b[0mUP\u001b[0m\n                \u001b[36m</span>\u001b[39m\n                \u001b[36m<button\u001b[39m\n                  \u001b[33mclass\u001b[39m=\u001b[32m\"bg-green-600 text-white px-3 py-1.5 rounded-lg text-xs font-medium hover:bg-green-700 disabled:opacity-50\"\u001b[39m\n                  \u001b[33mdisabled\u001b[39m=\u001b[32m\"\"\u001b[39m\n                  \u001b[33mtype\u001b[39m=\u001b[32m\"button\"\u001b[39m\n                \u001b[36m>\u001b[39m\n                  \u001b[0mStart\u001b[0m\n                \u001b[36m</button>\u001b[39m\n                \u001b[36m<button\u001b[39m\n                  \u001b[33mclass\u001b[39m=\u001b[32m\"bg-red-600 text-white px-3 py-1.5 rounded-lg text-xs font-medium hover:bg-red-700 disabled:opacity-50\"\u001b[39m\n                  \u001b[33mtype\u001b[39m=\u001b[32m\"button\"\u001b[39m\n                \u001b[36m>\u001b[39m\n                  \u001b[0mStop\u001b[0m\n                \u001b[36m</button>\u001b[39m\n              \u001b[36m</div>\u001b[39m\n            \u001b[36m</div>\u001b[39m\n            \u001b[36m<div\u001b[39m\n              \u001b[33mclass\u001b[39m=\u001b[32m\"mt-3 pt-3 border-t border-gray-100\"\u001b[39m\n            \u001b[36m>\u001b[39m\n              \u001b[36m<button\u001b[39m\n                \u001b[33maria-label\u001b[39m=\u001b[32m\"Expand profile errors\"\u001b[39m\n                \u001b[33mclass\u001b[39m=\u001b[32m\"text-xs text-gray-500 hover:text-gray-700 flex items-center gap-1\"\u001b[39m\n                \u001b[33mtype\u001b[39m=\u001b[32m\"button\"\u001b[39m\n              \u001b[36m>\u001b[39m\n                \u001b[36m<span>\u001b[39m\n                  \u001b[0m▸\u001b[0m\n                \u001b[36m</span>\u001b[39m\n                \u001b[36m<span>\u001b[39m\n                  \u001b[0m0 recent errors\u001b[0m\n                \u001b[36m</span>\u001b[39m\n              \u001b[36m</button>\u001b[39m\n            \u001b[36m</div>\u001b[39m\n          \u001b[36m</div>\u001b[39m\n          \u001b[36m<div\u001b[39m\n            \u001b[33mclass\u001b[39m=\u001b[32m\"bg-white rounded-xl border border-gray-100 shadow-sm p-4\"\u001b[39m\n            \u001b[33mdata-testid\u001b[39m=\u001b[32m\"service-row-wealth\"\u001b[39m\n          \u001b[36m>\u001b[39m\n            \u001b[36m<div\u001b[39m\n              \u001b[33mclass\u001b[39m=\u001b[32m\"flex items-center justify-between\"\u001b[39m\n            \u001b[36m>\u001b[39m\n              \u001b[36m<div>\u001b[39m\n                \u001b[36m<p\u001b[39m\n                  \u001b[33mclass\u001b[39m=\u001b[32m\"text-sm font-semibold text-gray-900\"\u001b[39m\n                \u001b[36m>\u001b[39m\n                  \u001b[0mwealth\u001b[0m\n                \u001b[36m</p>\u001b[39m\n                \u001b[36m<p\u001b[39m\n                  \u001b[33mclass\u001b[39m=\u001b[32m\"text-xs text-gray-400\"\u001b[39m\n                \u001b[36m>\u001b[39m\n                  \u001b[0mbackend\u001b[0m\n                  \u001b[0m · port \u001b[0m\n                  \u001b[0m8082\u001b[0m\n                \u001b[36m</p>\u001b[39m\n              \u001b[36m</div>\u001b[39m\n              \u001b[36m<div\u001b[39m\n                \u001b[33mclass\u001b[39m=\u001b[32m\"flex items-center gap-3\"\u001b[39m\n              \u001b[36m>\u001b[39m\n                \u001b[36m<span\u001b[39m\n                  \u001b[33mclass\u001b[39m=\u001b[32m\"px-2.5 py-0.5 rounded-full text-xs font-semibold tracking-wide border bg-red-50 text-red-700 border-red-200/50 shadow-sm\"\u001b[39m\n                \u001b[36m>\u001b[39m\n                  \u001b[0mDOWN\u001b[0m\n                \u001b[36m</span>\u001b[39m\n                \u001b[36m<button\u001b[39m\n                  \u001b[33mclass\u001b[39m=\u001b[32m\"bg-green-600 text-white px-3 py-1.5 rounded-lg text-xs font-medium hover:bg-green-700 disabled:opacity-50\"\u001b[39m\n                  \u001b[33mtype\u001b[39m=\u001b[32m\"button\"\u001b[39m\n                \u001b[36m>\u001b[39m\n                  \u001b[0mStart\u001b[0m\n                \u001b[36m</button>\u001b[39m\n                \u001b[36m<button\u001b[39m\n                  \u001b[33mclass\u001b[39m=\u001b[32m\"bg-red-600 text-white px-3 py-1.5 rounded-lg text-xs font-medium hover:bg-red-700 disabled:opacity-50\"\u001b[39m\n                  \u001b[33mdisabled\u001b[39m=\u001b[32m\"\"\u001b[39m\n                  \u001b[33mtype\u001b[39m=\u001b[32m\"button\"\u001b[39m\n                \u001b[36m>\u001b[39m\n                  \u001b[0mStop\u001b[0m\n                \u001b[36m</button>\u001b[39m\n              \u001b[36m</div>\u001b[39m\n            \u001b[36m</div>\u001b[39m\n            \u001b[36m<div\u001b[39m\n              \u001b[33mclass\u001b[39m=\u001b[32m\"mt-3 pt-3 border-t border-gray-100\"\u001b[39m\n            \u001b[36m>\u001b[39m\n              \u001b[36m<button\u001b[39m\n                \u001b[33maria-label\u001b[39m=\u001b[32m\"Expand wealth errors\"\u001b[39m\n                \u001b[33mclass\u001b[39m=\u001b[32m\"text-xs text-gray-500 hover:text-gray-700 flex items-center gap-1\"\u001b[39m\n                \u001b[33mtype\u001b[39m=\u001b[32m\"button\"\u001b[39m\n              \u001b[36m>\u001b[39m\n                \u001b[36m<span>\u001b[39m\n                  \u001b[0m▸\u001b[0m\n                \u001b[36m</span>\u001b[39m\n                \u001b[36m<span>\u001b[39m\n                  \u001b[0m1 recent error\u001b[0m\n                \u001b[36m</span>\u001b[39m\n              \u001b[36m</button>\u001b[39m\n            \u001b[36m</div>\u001b[39m\n          \u001b[36m</div>\u001b[39m\n          \u001b[36m<div\u001b[39m\n            \u001b[33mclass\u001b[39m=\u001b[32m\"bg-white rounded-xl border border-gray-100 shadow-sm p-4\"\u001b[39m\n            \u001b[33mdata-testid\u001b[39m=\u001b[32m\"service-row-gateway\"\u001b[39m\n          \u001b[36m>\u001b[39m\n            \u001b[36m<div\u001b[39m\n              \u001b[33mclass\u001b[39m=\u001b[32m\"flex items-center justify-between\"\u001b[39m\n            \u001b[36m>\u001b[39m\n              \u001b[36m<div>\u001b[39m\n                \u001b[36m<p\u001b[39m\n                  \u001b[33mclass\u001b[39m=\u001b[32m\"text-sm font-semibold text-gray-900\"\u001b[39m\n                \u001b[36m>\u001b[39m\n                  \u001b[0mgateway\u001b[0m\n                \u001b[36m</p>\u001b[39m\n                \u001b[36m<p\u001b[39m\n                  \u001b[33mclass\u001b[39m=\u001b[32m\"text-xs text-gray-400\"\u001b[39m\n                \u001b[36m>\u001b[39m\n                  \u001b[0mbackend\u001b[0m\n                  \u001b[0m · port \u001b[0m\n                  \u001b[0m8080\u001b[0m\n                \u001b[36m</p>\u001b[39m\n              \u001b[36m</div>\u001b[39m\n              \u001b[36m<div\u001b[39m\n                \u001b[33mclass\u001b[39m=\u001b[32m\"flex items-center gap-3\"\u001b[39m\n              \u001b[36m>\u001b[39m\n                \u001b[36m<span\u001b[39m\n                  \u001b[33mclass\u001b[39m=\u001b[32m\"px-2.5 py-0.5 rounded-full text-xs font-semibold tracking-wide border bg-green-50 text-green-700 border-green-200/50 shadow-sm\"\u001b[39m\n                \u001b[36m>\u001b[39m\n                  \u001b[0mUP\u001b[0m\n                \u001b[36m</span>\u001b[39m\n                \u001b[36m<button\u001b[39m\n                  \u001b[33mclass\u001b[39m=\u001b[32m\"bg-green-600 text-white px-3 py-1.5 rounded-lg text-xs font-medium hover:bg-green-700 disabled:opacity-50\"\u001b[39m\n                  \u001b[33mdisabled\u001b[39m=\u001b[32m\"\"\u001b[39m\n                  \u001b[33mtype\u001b[39m=\u001b[32m\"button\"\u001b[39m\n                \u001b[36m>\u001b[39m\n                  \u001b[0mStart\u001b[0m\n                \u001b[36m</button>\u001b[39m\n                \u001b[36m<button\u001b[39m\n                  \u001b[33mclass\u001b[39m=\u001b[32m\"bg-red-600 text-white px-3 py-1.5 rounded-lg text-xs font-medium hover:bg-red-700 disabled:opacity-50\"\u001b[39m\n                  \u001b[33mtype\u001b[39m=\u001b[32m\"button\"\u001b[39m\n                \u001b[36m>\u001b[39m\n                  \u001b[0mStop\u001b[0m\n                \u001b[36m</button>\u001b[39m\n              \u001b[36m</div>\u001b[39m\n            \u001b[36m</div>\u001b[39m\n          \u001b[36m</div>\u001b[39m\n          \u001b[36m<div\u001b[39m\n            \u001b[33mclass\u001b[39m=\u001b[32m\"bg-white rounded-xl border border-gray-100 shadow-sm p-4\"\u001b[39m\n            \u001b[33mdata-testid\u001b[39m=\u001b[32m\"service-row-web\"\u001b[39m\n          \u001b[36m>\u001b[39m\n            \u001b[36m<div\u001b[39m\n              \u001b[33mclass\u001b[39m=\u001b[32m\"flex items-center justify-between\"\u001b[39m\n            \u001b[36m>\u001b[39m\n              \u001b[36m<div>\u001b[39m\n                \u001b[36m<p\u001b[39m\n                  \u001b[33mclass\u001b[39m=\u001b[32m\"text-sm font-semibold text-gray-900\"\u001b[39m\n                \u001b[36m>\u001b[39m\n                  \u001b[0mweb\u001b[0m\n                \u001b[36m</p>\u001b[39m\n                \u001b[36m<p\u001b[39m\n                  \u001b[33mclass\u001b[39m=\u001b[32m\"text-xs text-gray-400\"\u001b[39m\n                \u001b[36m>\u001b[39m\n                  \u001b[0mfrontend\u001b[0m\n                  \u001b[0m · port \u001b[0m\n                  \u001b[0m3000\u001b[0m\n                \u001b[36m</p>\u001b[39m\n              \u001b[36m</div>\u001b[39m\n              \u001b[36m<div\u001b[39m\n                \u001b[33mclass\u001b[39m=\u001b[32m\"flex items-center gap-3\"\u001b[39m\n              \u001b[36m>\u001b[39m\n                \u001b[36m<span\u001b[39m\n                  \u001b[33mclass\u001b[39m=\u001b[32m\"px-2.5 py-0.5 rounded-full text-xs font-semibold tracking-wide border bg-green-50 text-green-700 border-green-200/50 shadow-sm\"\u001b[39m\n                \u001b[36m>\u001b[39m\n                  \u001b[0mUP\u001b[0m\n                \u001b[36m</span>\u001b[39m\n                \u001b[36m<button\u001b[39m\n                  \u001b[33mclass\u001b[39m=\u001b[32m\"bg-green-600 text-white px-3 py-1.5 rounded-lg text-xs font-medium hover:bg-green-700 disabled:opacity-50\"\u001b[39m\n                  \u001b[33mdisabled\u001b[39m=\u001b[32m\"\"\u001b[39m\n                  \u001b[33mtype\u001b[39m=\u001b[32m\"button\"\u001b[39m\n                \u001b[36m>\u001b[39m\n                  \u001b[0mStart\u001b[0m\n                \u001b[36m</button>\u001b[39m\n                \u001b[36m<button\u001b[39m\n                  \u001b[33mclass\u001b[39m=\u001b[32m\"bg-red-600 text-white px-3 py-1.5 rounded-lg text-xs font-medium hover:bg-red-700 disabled:opacity-50\"\u001b[39m\n                  \u001b[33mtype\u001b[39m=\u001b[32m\"button\"\u001b[39m\n                \u001b[36m>\u001b[39m\n                  \u001b[0mStop\u001b[0m\n                \u001b[36m</button>\u001b[39m\n              \u001b[36m</div>\u001b[39m\n            \u001b[36m</div>\u001b[39m\n          \u001b[36m</div>\u001b[39m\n        \u001b[36m</div>\u001b[39m\n      \u001b[36m</div>\u001b[39m\n    \u001b[36m</div>\u001b[39m\n  \u001b[36m</body>\u001b[39m\n\u001b[36m</html>\u001b[39m\n    at C:\\Users\\91779\\IdeaProjects\\suchika\\web\\src\\pages\\Admin\\ApplicationConsole.test.js:155:34\n    at runWithExpensiveErrorDiagnosticsDisabled (C:\\Users\\91779\\IdeaProjects\\suchika\\web\\node_modules\\@testing-library\\dom\\dist\\config.js:47:12)\n    at checkCallback (C:\\Users\\91779\\IdeaProjects\\suchika\\web\\node_modules\\@testing-library\\dom\\dist\\wait-for.js:124:77)\n    at checkRealTimersCallback (C:\\Users\\91779\\IdeaProjects\\suchika\\web\\node_modules\\@testing-library\\dom\\dist\\wait-for.js:118:16)\n    at Timeout.task [as _onTimeout] (C:\\Users\\91779\\IdeaProjects\\suchika\\web\\node_modules\\jsdom\\lib\\jsdom\\browser\\Window.js:516:19)\n    at listOnTimeout (node:internal/timers:605:17)\n    at processTimers (node:internal/timers:541:7)"
          ],
          "fullName": "ApplicationConsole calls stopConsoleService with the right name and re-fetches status",
          "location": null,
          "status": "failed",
          "title": "calls stopConsoleService with the right name and re-fetches status"
        },
        {
          "ancestorTitles": ["ApplicationConsole"],
          "failureMessages": [],
          "fullName": "ApplicationConsole disables the start button while the service is already UP",
          "location": null,
          "status": "passed",
          "title": "disables the start button while the service is already UP"
        },
        {
          "ancestorTitles": ["ApplicationConsole"],
          "failureMessages": [],
          "fullName": "ApplicationConsole shows a pending label while a start action is in flight",
          "location": null,
          "status": "passed",
          "title": "shows a pending label while a start action is in flight"
        },
        {
          "ancestorTitles": ["ApplicationConsole"],
          "failureMessages": [],
          "fullName": "ApplicationConsole expands the error panel and shows recent error entries for a domain",
          "location": null,
          "status": "passed",
          "title": "expands the error panel and shows recent error entries for a domain"
        },
        {
          "ancestorTitles": ["ApplicationConsole"],
          "failureMessages": [],
          "fullName": "ApplicationConsole renders the gateway fan-out failure shape ({ error }) instead of a blank/unknown row",
          "location": null,
          "status": "passed",
          "title": "renders the gateway fan-out failure shape ({ error }) instead of a blank/unknown row"
        },
        {
          "ancestorTitles": ["ApplicationConsole"],
          "failureMessages": [],
          "fullName": "ApplicationConsole does not render an error panel for non-domain services (gateway/web)",
          "location": null,
          "status": "passed",
          "title": "does not render an error panel for non-domain services (gateway/web)"
        },
        {
          "ancestorTitles": ["ApplicationConsole protected route"],
          "failureMessages": [],
          "fullName": "ApplicationConsole protected route blocks unauthenticated users and redirects to signin",
          "location": null,
          "status": "passed",
          "title": "blocks unauthenticated users and redirects to signin"
        },
        {
          "ancestorTitles": ["ApplicationConsole protected route"],
          "failureMessages": [],
          "fullName": "ApplicationConsole protected route blocks user-role access and redirects to home",
          "location": null,
          "status": "passed",
          "title": "blocks user-role access and redirects to home"
        }
      ],
      "endTime": 1784382002394,
      "message": "  ● ApplicationConsole › calls startConsoleService with the right name and re-fetches status\n\n    expect(jest.fn()).toHaveBeenCalledWith(...expected)\n\n    Expected: \"wealth\"\n    Received: \"wealth\", {\"client\": {}, \"meta\": undefined, \"mutationKey\": undefined}\n\n    Number of calls: 1\n\n    Ignored nodes: comments, script, style\n    \u001b[36m<html>\u001b[39m\n      \u001b[36m<head />\u001b[39m\n      \u001b[36m<body>\u001b[39m\n        \u001b[36m<div>\u001b[39m\n          \u001b[36m<div\u001b[39m\n            \u001b[33mclass\u001b[39m=\u001b[32m\"p-6 max-w-3xl mx-auto\"\u001b[39m\n          \u001b[36m>\u001b[39m\n            \u001b[36m<h1\u001b[39m\n              \u001b[33mclass\u001b[39m=\u001b[32m\"text-3xl font-bold text-gray-900 mb-1\"\u001b[39m\n            \u001b[36m>\u001b[39m\n              \u001b[0mApplication Console\u001b[0m\n            \u001b[36m</h1>\u001b[39m\n            \u001b[36m<p\u001b[39m\n              \u001b[33mclass\u001b[39m=\u001b[32m\"text-sm text-gray-500 mb-6\"\u001b[39m\n            \u001b[36m>\u001b[39m\n              \u001b[0mLive status, start/stop controls, and recent errors for every Suchika service.\u001b[0m\n            \u001b[36m</p>\u001b[39m\n            \u001b[36m<div\u001b[39m\n              \u001b[33mclass\u001b[39m=\u001b[32m\"space-y-3\"\u001b[39m\n            \u001b[36m>\u001b[39m\n              \u001b[36m<div\u001b[39m\n                \u001b[33mclass\u001b[39m=\u001b[32m\"bg-white rounded-xl border border-gray-100 shadow-sm p-4\"\u001b[39m\n                \u001b[33mdata-testid\u001b[39m=\u001b[32m\"service-row-profile\"\u001b[39m\n              \u001b[36m>\u001b[39m\n                \u001b[36m<div\u001b[39m\n                  \u001b[33mclass\u001b[39m=\u001b[32m\"flex items-center justify-between\"\u001b[39m\n                \u001b[36m>\u001b[39m\n                  \u001b[36m<div>\u001b[39m\n                    \u001b[36m<p\u001b[39m\n                      \u001b[33mclass\u001b[39m=\u001b[32m\"text-sm font-semibold text-gray-900\"\u001b[39m\n                    \u001b[36m>\u001b[39m\n                      \u001b[0mprofile\u001b[0m\n                    \u001b[36m</p>\u001b[39m\n                    \u001b[36m<p\u001b[39m\n                      \u001b[33mclass\u001b[39m=\u001b[32m\"text-xs text-gray-400\"\u001b[39m\n                    \u001b[36m>\u001b[39m\n                      \u001b[0mbackend\u001b[0m\n                      \u001b[0m · port \u001b[0m\n                      \u001b[0m8081\u001b[0m\n                    \u001b[36m</p>\u001b[39m\n                  \u001b[36m</div>\u001b[39m\n                  \u001b[36m<div\u001b[39m\n                    \u001b[33mclass\u001b[39m=\u001b[32m\"flex items-center gap-3\"\u001b[39m\n                  \u001b[36m>\u001b[39m\n                    \u001b[36m<span\u001b[39m\n                      \u001b[33mclass\u001b[39m=\u001b[32m\"px-2.5 py-0.5 rounded-full text-xs font-semibold tracking-wide border bg-green-50 text-green-700 border-green-200/50 shadow-sm\"\u001b[39m\n                    \u001b[36m>\u001b[39m\n                      \u001b[0mUP\u001b[0m\n                    \u001b[36m</span>\u001b[39m\n                    \u001b[36m<button\u001b[39m\n                      \u001b[33mclass\u001b[39m=\u001b[32m\"bg-green-600 text-white px-3 py-1.5 rounded-lg text-xs font-medium hover:bg-green-700 disabled:opacity-50\"\u001b[39m\n                      \u001b[33mdisabled\u001b[39m=\u001b[32m\"\"\u001b[39m\n                      \u001b[33mtype\u001b[39m=\u001b[32m\"button\"\u001b[39m\n                    \u001b[36m>\u001b[39m\n                      \u001b[0mStart\u001b[0m\n                    \u001b[36m</button>\u001b[39m\n                    \u001b[36m<button\u001b[39m\n                      \u001b[33mclass\u001b[39m=\u001b[32m\"bg-red-600 text-white px-3 py-1.5 rounded-lg text-xs font-medium hover:bg-red-700 disabled:opacity-50\"\u001b[39m\n                      \u001b[33mtype\u001b[39m=\u001b[32m\"button\"\u001b[39m\n                    \u001b[36m>\u001b[39m\n                      \u001b[0mStop\u001b[0m\n                    \u001b[36m</button>\u001b[39m\n                  \u001b[36m</div>\u001b[39m\n                \u001b[36m</div>\u001b[39m\n                \u001b[36m<div\u001b[39m\n                  \u001b[33mclass\u001b[39m=\u001b[32m\"mt-3 pt-3 border-t border-gray-100\"\u001b[39m\n                \u001b[36m>\u001b[39m\n                  \u001b[36m<button\u001b[39m\n                    \u001b[33maria-label\u001b[39m=\u001b[32m\"Expand profile errors\"\u001b[39m\n                    \u001b[33mclass\u001b[39m=\u001b[32m\"text-xs text-gray-500 hover:text-gray-700 flex items-center gap-1\"\u001b[39m\n                    \u001b[33mtype\u001b[39m=\u001b[32m\"button\"\u001b[39m\n                  \u001b[36m>\u001b[39m\n                    \u001b[36m<span>\u001b[39m\n                      \u001b[0m▸\u001b[0m\n                    \u001b[36m</span>\u001b[39m\n                    \u001b[36m<span>\u001b[39m\n                      \u001b[0m0 recent errors\u001b[0m\n                    \u001b[36m</span>\u001b[39m\n                  \u001b[36m</button>\u001b[39m\n                \u001b[36m</div>\u001b[39m\n              \u001b[36m</div>\u001b[39m\n              \u001b[36m<div\u001b[39m\n                \u001b[33mclass\u001b[39m=\u001b[32m\"bg-white rounded-xl border border-gray-100 shadow-sm p-4\"\u001b[39m\n                \u001b[33mdata-testid\u001b[39m=\u001b[32m\"service-row-wealth\"\u001b[39m\n              \u001b[36m>\u001b[39m\n                \u001b[36m<div\u001b[39m\n                  \u001b[33mclass\u001b[39m=\u001b[32m\"flex items-center justify-between\"\u001b[39m\n                \u001b[36m>\u001b[39m\n                  \u001b[36m<div>\u001b[39m\n                    \u001b[36m<p\u001b[39m\n                      \u001b[33mclass\u001b[39m=\u001b[32m\"text-sm font-semibold text-gray-900\"\u001b[39m\n                    \u001b[36m>\u001b[39m\n                      \u001b[0mwealth\u001b[0m\n                    \u001b[36m</p>\u001b[39m\n                    \u001b[36m<p\u001b[39m\n                      \u001b[33mclass\u001b[39m=\u001b[32m\"text-xs text-gray-400\"\u001b[39m\n                    \u001b[36m>\u001b[39m\n                      \u001b[0mbackend\u001b[0m\n                      \u001b[0m · port \u001b[0m\n                      \u001b[0m8082\u001b[0m\n                    \u001b[36m</p>\u001b[39m\n                  \u001b[36m</div>\u001b[39m\n                  \u001b[36m<div\u001b[39m\n                    \u001b[33mclass\u001b[39m=\u001b[32m\"flex items-center gap-3\"\u001b[39m\n                  \u001b[36m>\u001b[39m\n                    \u001b[36m<span\u001b[39m\n                      \u001b[33mclass\u001b[39m=\u001b[32m\"px-2.5 py-0.5 rounded-full text-xs font-semibold tracking-wide border bg-red-50 text-red-700 border-red-200/50 shadow-sm\"\u001b[39m\n                    \u001b[36m>\u001b[39m\n                      \u001b[0mDOWN\u001b[0m\n                    \u001b[36m</span>\u001b[39m\n                    \u001b[36m<button\u001b[39m\n                      \u001b[33mclass\u001b[39m=\u001b[32m\"bg-green-600 text-white px-3 py-1.5 rounded-lg text-xs font-medium hover:bg-green-700 disabled:opacity-50\"\u001b[39m\n                      \u001b[33mtype\u001b[39m=\u001b[32m\"button\"\u001b[39m\n                    \u001b[36m>\u001b[39m\n                      \u001b[0mStart\u001b[0m\n                    \u001b[36m</button>\u001b[39m\n                    \u001b[36m<button\u001b[39m\n                      \u001b[33mclass\u001b[39m=\u001b[32m\"bg-red-600 text-white px-3 py-1.5 rounded-lg text-xs font-medium hover:bg-red-700 disabled:opacity-50\"\u001b[39m\n                      \u001b[33mdisabled\u001b[39m=\u001b[32m\"\"\u001b[39m\n                      \u001b[33mtype\u001b[39m=\u001b[32m\"button\"\u001b[39m\n                    \u001b[36m>\u001b[39m\n                      \u001b[0mStop\u001b[0m\n                    \u001b[36m</button>\u001b[39m\n                  \u001b[36m</div>\u001b[39m\n                \u001b[36m</div>\u001b[39m\n                \u001b[36m<div\u001b[39m\n                  \u001b[33mclass\u001b[39m=\u001b[32m\"mt-3 pt-3 border-t border-gray-100\"\u001b[39m\n                \u001b[36m>\u001b[39m\n                  \u001b[36m<button\u001b[39m\n                    \u001b[33maria-label\u001b[39m=\u001b[32m\"Expand wealth errors\"\u001b[39m\n                    \u001b[33mclass\u001b[39m=\u001b[32m\"text-xs text-gray-500 hover:text-gray-700 flex items-center gap-1\"\u001b[39m\n                    \u001b[33mtype\u001b[39m=\u001b[32m\"button\"\u001b[39m\n                  \u001b[36m>\u001b[39m\n                    \u001b[36m<span>\u001b[39m\n                      \u001b[0m▸\u001b[0m\n                    \u001b[36m</span>\u001b[39m\n                    \u001b[36m<span>\u001b[39m\n                      \u001b[0m1 recent error\u001b[0m\n                    \u001b[36m</span>\u001b[39m\n                  \u001b[36m</button>\u001b[39m\n                \u001b[36m</div>\u001b[39m\n              \u001b[36m</div>\u001b[39m\n              \u001b[36m<div\u001b[39m\n                \u001b[33mclass\u001b[39m=\u001b[32m\"bg-white rounded-xl border border-gray-100 shadow-sm p-4\"\u001b[39m\n                \u001b[33mdata-testid\u001b[39m=\u001b[32m\"service-row-gateway\"\u001b[39m\n              \u001b[36m>\u001b[39m\n                \u001b[36m<div\u001b[39m\n                  \u001b[33mclass\u001b[39m=\u001b[32m\"flex items-center justify-between\"\u001b[39m\n                \u001b[36m>\u001b[39m\n                  \u001b[36m<div>\u001b[39m\n                    \u001b[36m<p\u001b[39m\n                      \u001b[33mclass\u001b[39m=\u001b[32m\"text-sm font-semibold text-gray-900\"\u001b[39m\n                    \u001b[36m>\u001b[39m\n                      \u001b[0mgateway\u001b[0m\n                    \u001b[36m</p>\u001b[39m\n                    \u001b[36m<p\u001b[39m\n                      \u001b[33mclass\u001b[39m=\u001b[32m\"text-xs text-gray-400\"\u001b[39m\n                    \u001b[36m>\u001b[39m\n                      \u001b[0mbackend\u001b[0m\n                      \u001b[0m · port \u001b[0m\n                      \u001b[0m8080\u001b[0m\n                    \u001b[36m</p>\u001b[39m\n                  \u001b[36m</div>\u001b[39m\n                  \u001b[36m<div\u001b[39m\n                    \u001b[33mclass\u001b[39m=\u001b[32m\"flex items-center gap-3\"\u001b[39m\n                  \u001b[36m>\u001b[39m\n                    \u001b[36m<span\u001b[39m\n                      \u001b[33mclass\u001b[39m=\u001b[32m\"px-2.5 py-0.5 rounded-full text-xs font-semibold tracking-wide border bg-green-50 text-green-700 border-green-200/50 shadow-sm\"\u001b[39m\n                    \u001b[36m>\u001b[39m\n                      \u001b[0mUP\u001b[0m\n                    \u001b[36m</span>\u001b[39m\n                    \u001b[36m<button\u001b[39m\n                      \u001b[33mclass\u001b[39m=\u001b[32m\"bg-green-600 text-white px-3 py-1.5 rounded-lg text-xs font-medium hover:bg-green-700 disabled:opacity-50\"\u001b[39m\n                      \u001b[33mdisabled\u001b[39m=\u001b[32m\"\"\u001b[39m\n                      \u001b[33mtype\u001b[39m=\u001b[32m\"button\"\u001b[39m\n                    \u001b[36m>\u001b[39m\n                      \u001b[0mStart\u001b[0m\n                    \u001b[36m</button>\u001b[39m\n                    \u001b[36m<button\u001b[39m\n                      \u001b[33mclass\u001b[39m=\u001b[32m\"bg-red-600 text-white px-3 py-1.5 rounded-lg text-xs font-medium hover:bg-red-700 disabled:opacity-50\"\u001b[39m\n                      \u001b[33mtype\u001b[39m=\u001b[32m\"button\"\u001b[39m\n                    \u001b[36m>\u001b[39m\n                      \u001b[0mStop\u001b[0m\n                    \u001b[36m</button>\u001b[39m\n                  \u001b[36m</div>\u001b[39m\n                \u001b[36m</div>\u001b[39m\n              \u001b[36m</div>\u001b[39m\n              \u001b[36m<div\u001b[39m\n                \u001b[33mclass\u001b[39m=\u001b[32m\"bg-white rounded-xl border border-gray-100 shadow-sm p-4\"\u001b[39m\n                \u001b[33mdata-testid\u001b[39m=\u001b[32m\"service-row-web\"\u001b[39m\n              \u001b[36m>\u001b[39m\n                \u001b[36m<div\u001b[39m\n                  \u001b[33mclass\u001b[39m=\u001b[32m\"flex items-center justify-between\"\u001b[39m\n                \u001b[36m>\u001b[39m\n                  \u001b[36m<div>\u001b[39m\n                    \u001b[36m<p\u001b[39m\n                      \u001b[33mclass\u001b[39m=\u001b[32m\"text-sm font-semibold text-gray-900\"\u001b[39m\n                    \u001b[36m>\u001b[39m\n                      \u001b[0mweb\u001b[0m\n                    \u001b[36m</p>\u001b[39m\n                    \u001b[36m<p\u001b[39m\n                      \u001b[33mclass\u001b[39m=\u001b[32m\"text-xs text-gray-400\"\u001b[39m\n                    \u001b[36m>\u001b[39m\n                      \u001b[0mfrontend\u001b[0m\n                      \u001b[0m · port \u001b[0m\n                      \u001b[0m3000\u001b[0m\n                    \u001b[36m</p>\u001b[39m\n                  \u001b[36m</div>\u001b[39m\n                  \u001b[36m<div\u001b[39m\n                    \u001b[33mclass\u001b[39m=\u001b[32m\"flex items-center gap-3\"\u001b[39m\n                  \u001b[36m>\u001b[39m\n                    \u001b[36m<span\u001b[39m\n                      \u001b[33mclass\u001b[39m=\u001b[32m\"px-2.5 py-0.5 rounded-full text-xs font-semibold tracking-wide border bg-green-50 text-green-700 border-green-200/50 shadow-sm\"\u001b[39m\n                    \u001b[36m>\u001b[39m\n                      \u001b[0mUP\u001b[0m\n                    \u001b[36m</span>\u001b[39m\n                    \u001b[36m<button\u001b[39m\n                      \u001b[33mclass\u001b[39m=\u001b[32m\"bg-green-600 text-white px-3 py-1.5 rounded-lg text-xs font-medium hover:bg-green-700 disabled:opacity-50\"\u001b[39m\n                      \u001b[33mdisabled\u001b[39m=\u001b[32m\"\"\u001b[39m\n                      \u001b[33mtype\u001b[39m=\u001b[32m\"button\"\u001b[39m\n                    \u001b[36m>\u001b[39m\n                      \u001b[0mStart\u001b[0m\n                    \u001b[36m</button>\u001b[39m\n                    \u001b[36m<button\u001b[39m\n                      \u001b[33mclass\u001b[39m=\u001b[32m\"bg-red-600 text-white px-3 py-1.5 rounded-lg text-xs font-medium hover:bg-red-700 disabled:opacity-50\"\u001b[39m\n                      \u001b[33mtype\u001b[39m=\u001b[32m\"button\"\u001b[39m\n                    \u001b[36m>\u001b[39m\n                      \u001b[0mStop\u001b[0m\n                    \u001b[36m</button>\u001b[39m\n                  \u001b[36m</div>\u001b[39m\n                \u001b[36m</div>\u001b[39m\n              \u001b[36m</div>\u001b[39m\n            \u001b[36m</div>\u001b[39m\n          \u001b[36m</div>\u001b[39m\n        \u001b[36m</div>\u001b[39m\n      \u001b[36m</body>\u001b[39m\n    \u001b[36m</html>\u001b[39m\n\n    \u001b[0m \u001b[90m 138 |\u001b[39m\n     \u001b[90m 139 |\u001b[39m     \u001b[36mawait\u001b[39m waitFor(() \u001b[33m=>\u001b[39m {\n    \u001b[31m\u001b[1m>\u001b[22m\u001b[39m\u001b[90m 140 |\u001b[39m       expect(startConsoleService)\u001b[33m.\u001b[39mtoHaveBeenCalledWith(\u001b[32m'wealth'\u001b[39m)\u001b[33m;\u001b[39m\n     \u001b[90m     |\u001b[39m                                   \u001b[31m\u001b[1m^\u001b[22m\u001b[39m\n     \u001b[90m 141 |\u001b[39m     })\u001b[33m;\u001b[39m\n     \u001b[90m 142 |\u001b[39m     \u001b[36mawait\u001b[39m waitFor(() \u001b[33m=>\u001b[39m {\n     \u001b[90m 143 |\u001b[39m       expect(getConsoleStatus)\u001b[33m.\u001b[39mtoHaveBeenCalledTimes(\u001b[35m2\u001b[39m)\u001b[33m;\u001b[39m\u001b[0m\n\n      at src/pages/Admin/ApplicationConsole.test.js:140:35\n      at runWithExpensiveErrorDiagnosticsDisabled (node_modules/@testing-library/dom/dist/config.js:47:12)\n      at checkCallback (node_modules/@testing-library/dom/dist/wait-for.js:124:77)\n      at checkRealTimersCallback (node_modules/@testing-library/dom/dist/wait-for.js:118:16)\n      at Timeout.task [as _onTimeout] (node_modules/jsdom/lib/jsdom/browser/Window.js:516:19)\n\n  ● ApplicationConsole › calls stopConsoleService with the right name and re-fetches status\n\n    expect(jest.fn()).toHaveBeenCalledWith(...expected)\n\n    Expected: \"profile\"\n    Received: \"profile\", {\"client\": {}, \"meta\": undefined, \"mutationKey\": undefined}\n\n    Number of calls: 1\n\n    Ignored nodes: comments, script, style\n    \u001b[36m<html>\u001b[39m\n      \u001b[36m<head />\u001b[39m\n      \u001b[36m<body>\u001b[39m\n        \u001b[36m<div>\u001b[39m\n          \u001b[36m<div\u001b[39m\n            \u001b[33mclass\u001b[39m=\u001b[32m\"p-6 max-w-3xl mx-auto\"\u001b[39m\n          \u001b[36m>\u001b[39m\n            \u001b[36m<h1\u001b[39m\n              \u001b[33mclass\u001b[39m=\u001b[32m\"text-3xl font-bold text-gray-900 mb-1\"\u001b[39m\n            \u001b[36m>\u001b[39m\n              \u001b[0mApplication Console\u001b[0m\n            \u001b[36m</h1>\u001b[39m\n            \u001b[36m<p\u001b[39m\n              \u001b[33mclass\u001b[39m=\u001b[32m\"text-sm text-gray-500 mb-6\"\u001b[39m\n            \u001b[36m>\u001b[39m\n              \u001b[0mLive status, start/stop controls, and recent errors for every Suchika service.\u001b[0m\n            \u001b[36m</p>\u001b[39m\n            \u001b[36m<div\u001b[39m\n              \u001b[33mclass\u001b[39m=\u001b[32m\"space-y-3\"\u001b[39m\n            \u001b[36m>\u001b[39m\n              \u001b[36m<div\u001b[39m\n                \u001b[33mclass\u001b[39m=\u001b[32m\"bg-white rounded-xl border border-gray-100 shadow-sm p-4\"\u001b[39m\n                \u001b[33mdata-testid\u001b[39m=\u001b[32m\"service-row-profile\"\u001b[39m\n              \u001b[36m>\u001b[39m\n                \u001b[36m<div\u001b[39m\n                  \u001b[33mclass\u001b[39m=\u001b[32m\"flex items-center justify-between\"\u001b[39m\n                \u001b[36m>\u001b[39m\n                  \u001b[36m<div>\u001b[39m\n                    \u001b[36m<p\u001b[39m\n                      \u001b[33mclass\u001b[39m=\u001b[32m\"text-sm font-semibold text-gray-900\"\u001b[39m\n                    \u001b[36m>\u001b[39m\n                      \u001b[0mprofile\u001b[0m\n                    \u001b[36m</p>\u001b[39m\n                    \u001b[36m<p\u001b[39m\n                      \u001b[33mclass\u001b[39m=\u001b[32m\"text-xs text-gray-400\"\u001b[39m\n                    \u001b[36m>\u001b[39m\n                      \u001b[0mbackend\u001b[0m\n                      \u001b[0m · port \u001b[0m\n                      \u001b[0m8081\u001b[0m\n                    \u001b[36m</p>\u001b[39m\n                  \u001b[36m</div>\u001b[39m\n                  \u001b[36m<div\u001b[39m\n                    \u001b[33mclass\u001b[39m=\u001b[32m\"flex items-center gap-3\"\u001b[39m\n                  \u001b[36m>\u001b[39m\n                    \u001b[36m<span\u001b[39m\n                      \u001b[33mclass\u001b[39m=\u001b[32m\"px-2.5 py-0.5 rounded-full text-xs font-semibold tracking-wide border bg-green-50 text-green-700 border-green-200/50 shadow-sm\"\u001b[39m\n                    \u001b[36m>\u001b[39m\n                      \u001b[0mUP\u001b[0m\n                    \u001b[36m</span>\u001b[39m\n                    \u001b[36m<button\u001b[39m\n                      \u001b[33mclass\u001b[39m=\u001b[32m\"bg-green-600 text-white px-3 py-1.5 rounded-lg text-xs font-medium hover:bg-green-700 disabled:opacity-50\"\u001b[39m\n                      \u001b[33mdisabled\u001b[39m=\u001b[32m\"\"\u001b[39m\n                      \u001b[33mtype\u001b[39m=\u001b[32m\"button\"\u001b[39m\n                    \u001b[36m>\u001b[39m\n                      \u001b[0mStart\u001b[0m\n                    \u001b[36m</button>\u001b[39m\n                    \u001b[36m<button\u001b[39m\n                      \u001b[33mclass\u001b[39m=\u001b[32m\"bg-red-600 text-white px-3 py-1.5 rounded-lg text-xs font-medium hover:bg-red-700 disabled:opacity-50\"\u001b[39m\n                      \u001b[33mtype\u001b[39m=\u001b[32m\"button\"\u001b[39m\n                    \u001b[36m>\u001b[39m\n                      \u001b[0mStop\u001b[0m\n                    \u001b[36m</button>\u001b[39m\n                  \u001b[36m</div>\u001b[39m\n                \u001b[36m</div>\u001b[39m\n                \u001b[36m<div\u001b[39m\n                  \u001b[33mclass\u001b[39m=\u001b[32m\"mt-3 pt-3 border-t border-gray-100\"\u001b[39m\n                \u001b[36m>\u001b[39m\n                  \u001b[36m<button\u001b[39m\n                    \u001b[33maria-label\u001b[39m=\u001b[32m\"Expand profile errors\"\u001b[39m\n                    \u001b[33mclass\u001b[39m=\u001b[32m\"text-xs text-gray-500 hover:text-gray-700 flex items-center gap-1\"\u001b[39m\n                    \u001b[33mtype\u001b[39m=\u001b[32m\"button\"\u001b[39m\n                  \u001b[36m>\u001b[39m\n                    \u001b[36m<span>\u001b[39m\n                      \u001b[0m▸\u001b[0m\n                    \u001b[36m</span>\u001b[39m\n                    \u001b[36m<span>\u001b[39m\n                      \u001b[0m0 recent errors\u001b[0m\n                    \u001b[36m</span>\u001b[39m\n                  \u001b[36m</button>\u001b[39m\n                \u001b[36m</div>\u001b[39m\n              \u001b[36m</div>\u001b[39m\n              \u001b[36m<div\u001b[39m\n                \u001b[33mclass\u001b[39m=\u001b[32m\"bg-white rounded-xl border border-gray-100 shadow-sm p-4\"\u001b[39m\n                \u001b[33mdata-testid\u001b[39m=\u001b[32m\"service-row-wealth\"\u001b[39m\n              \u001b[36m>\u001b[39m\n                \u001b[36m<div\u001b[39m\n                  \u001b[33mclass\u001b[39m=\u001b[32m\"flex items-center justify-between\"\u001b[39m\n                \u001b[36m>\u001b[39m\n                  \u001b[36m<div>\u001b[39m\n                    \u001b[36m<p\u001b[39m\n                      \u001b[33mclass\u001b[39m=\u001b[32m\"text-sm font-semibold text-gray-900\"\u001b[39m\n                    \u001b[36m>\u001b[39m\n                      \u001b[0mwealth\u001b[0m\n                    \u001b[36m</p>\u001b[39m\n                    \u001b[36m<p\u001b[39m\n                      \u001b[33mclass\u001b[39m=\u001b[32m\"text-xs text-gray-400\"\u001b[39m\n                    \u001b[36m>\u001b[39m\n                      \u001b[0mbackend\u001b[0m\n                      \u001b[0m · port \u001b[0m\n                      \u001b[0m8082\u001b[0m\n                    \u001b[36m</p>\u001b[39m\n                  \u001b[36m</div>\u001b[39m\n                  \u001b[36m<div\u001b[39m\n                    \u001b[33mclass\u001b[39m=\u001b[32m\"flex items-center gap-3\"\u001b[39m\n                  \u001b[36m>\u001b[39m\n                    \u001b[36m<span\u001b[39m\n                      \u001b[33mclass\u001b[39m=\u001b[32m\"px-2.5 py-0.5 rounded-full text-xs font-semibold tracking-wide border bg-red-50 text-red-700 border-red-200/50 shadow-sm\"\u001b[39m\n                    \u001b[36m>\u001b[39m\n                      \u001b[0mDOWN\u001b[0m\n                    \u001b[36m</span>\u001b[39m\n                    \u001b[36m<button\u001b[39m\n                      \u001b[33mclass\u001b[39m=\u001b[32m\"bg-green-600 text-white px-3 py-1.5 rounded-lg text-xs font-medium hover:bg-green-700 disabled:opacity-50\"\u001b[39m\n                      \u001b[33mtype\u001b[39m=\u001b[32m\"button\"\u001b[39m\n                    \u001b[36m>\u001b[39m\n                      \u001b[0mStart\u001b[0m\n                    \u001b[36m</button>\u001b[39m\n                    \u001b[36m<button\u001b[39m\n                      \u001b[33mclass\u001b[39m=\u001b[32m\"bg-red-600 text-white px-3 py-1.5 rounded-lg text-xs font-medium hover:bg-red-700 disabled:opacity-50\"\u001b[39m\n                      \u001b[33mdisabled\u001b[39m=\u001b[32m\"\"\u001b[39m\n                      \u001b[33mtype\u001b[39m=\u001b[32m\"button\"\u001b[39m\n                    \u001b[36m>\u001b[39m\n                      \u001b[0mStop\u001b[0m\n                    \u001b[36m</button>\u001b[39m\n                  \u001b[36m</div>\u001b[39m\n                \u001b[36m</div>\u001b[39m\n                \u001b[36m<div\u001b[39m\n                  \u001b[33mclass\u001b[39m=\u001b[32m\"mt-3 pt-3 border-t border-gray-100\"\u001b[39m\n                \u001b[36m>\u001b[39m\n                  \u001b[36m<button\u001b[39m\n                    \u001b[33maria-label\u001b[39m=\u001b[32m\"Expand wealth errors\"\u001b[39m\n                    \u001b[33mclass\u001b[39m=\u001b[32m\"text-xs text-gray-500 hover:text-gray-700 flex items-center gap-1\"\u001b[39m\n                    \u001b[33mtype\u001b[39m=\u001b[32m\"button\"\u001b[39m\n                  \u001b[36m>\u001b[39m\n                    \u001b[36m<span>\u001b[39m\n                      \u001b[0m▸\u001b[0m\n                    \u001b[36m</span>\u001b[39m\n                    \u001b[36m<span>\u001b[39m\n                      \u001b[0m1 recent error\u001b[0m\n                    \u001b[36m</span>\u001b[39m\n                  \u001b[36m</button>\u001b[39m\n                \u001b[36m</div>\u001b[39m\n              \u001b[36m</div>\u001b[39m\n              \u001b[36m<div\u001b[39m\n                \u001b[33mclass\u001b[39m=\u001b[32m\"bg-white rounded-xl border border-gray-100 shadow-sm p-4\"\u001b[39m\n                \u001b[33mdata-testid\u001b[39m=\u001b[32m\"service-row-gateway\"\u001b[39m\n              \u001b[36m>\u001b[39m\n                \u001b[36m<div\u001b[39m\n                  \u001b[33mclass\u001b[39m=\u001b[32m\"flex items-center justify-between\"\u001b[39m\n                \u001b[36m>\u001b[39m\n                  \u001b[36m<div>\u001b[39m\n                    \u001b[36m<p\u001b[39m\n                      \u001b[33mclass\u001b[39m=\u001b[32m\"text-sm font-semibold text-gray-900\"\u001b[39m\n                    \u001b[36m>\u001b[39m\n                      \u001b[0mgateway\u001b[0m\n                    \u001b[36m</p>\u001b[39m\n                    \u001b[36m<p\u001b[39m\n                      \u001b[33mclass\u001b[39m=\u001b[32m\"text-xs text-gray-400\"\u001b[39m\n                    \u001b[36m>\u001b[39m\n                      \u001b[0mbackend\u001b[0m\n                      \u001b[0m · port \u001b[0m\n                      \u001b[0m8080\u001b[0m\n                    \u001b[36m</p>\u001b[39m\n                  \u001b[36m</div>\u001b[39m\n                  \u001b[36m<div\u001b[39m\n                    \u001b[33mclass\u001b[39m=\u001b[32m\"flex items-center gap-3\"\u001b[39m\n                  \u001b[36m>\u001b[39m\n                    \u001b[36m<span\u001b[39m\n                      \u001b[33mclass\u001b[39m=\u001b[32m\"px-2.5 py-0.5 rounded-full text-xs font-semibold tracking-wide border bg-green-50 text-green-700 border-green-200/50 shadow-sm\"\u001b[39m\n                    \u001b[36m>\u001b[39m\n                      \u001b[0mUP\u001b[0m\n                    \u001b[36m</span>\u001b[39m\n                    \u001b[36m<button\u001b[39m\n                      \u001b[33mclass\u001b[39m=\u001b[32m\"bg-green-600 text-white px-3 py-1.5 rounded-lg text-xs font-medium hover:bg-green-700 disabled:opacity-50\"\u001b[39m\n                      \u001b[33mdisabled\u001b[39m=\u001b[32m\"\"\u001b[39m\n                      \u001b[33mtype\u001b[39m=\u001b[32m\"button\"\u001b[39m\n                    \u001b[36m>\u001b[39m\n                      \u001b[0mStart\u001b[0m\n                    \u001b[36m</button>\u001b[39m\n                    \u001b[36m<button\u001b[39m\n                      \u001b[33mclass\u001b[39m=\u001b[32m\"bg-red-600 text-white px-3 py-1.5 rounded-lg text-xs font-medium hover:bg-red-700 disabled:opacity-50\"\u001b[39m\n                      \u001b[33mtype\u001b[39m=\u001b[32m\"button\"\u001b[39m\n                    \u001b[36m>\u001b[39m\n                      \u001b[0mStop\u001b[0m\n                    \u001b[36m</button>\u001b[39m\n                  \u001b[36m</div>\u001b[39m\n                \u001b[36m</div>\u001b[39m\n              \u001b[36m</div>\u001b[39m\n              \u001b[36m<div\u001b[39m\n                \u001b[33mclass\u001b[39m=\u001b[32m\"bg-white rounded-xl border border-gray-100 shadow-sm p-4\"\u001b[39m\n                \u001b[33mdata-testid\u001b[39m=\u001b[32m\"service-row-web\"\u001b[39m\n              \u001b[36m>\u001b[39m\n                \u001b[36m<div\u001b[39m\n                  \u001b[33mclass\u001b[39m=\u001b[32m\"flex items-center justify-between\"\u001b[39m\n                \u001b[36m>\u001b[39m\n                  \u001b[36m<div>\u001b[39m\n                    \u001b[36m<p\u001b[39m\n                      \u001b[33mclass\u001b[39m=\u001b[32m\"text-sm font-semibold text-gray-900\"\u001b[39m\n                    \u001b[36m>\u001b[39m\n                      \u001b[0mweb\u001b[0m\n                    \u001b[36m</p>\u001b[39m\n                    \u001b[36m<p\u001b[39m\n                      \u001b[33mclass\u001b[39m=\u001b[32m\"text-xs text-gray-400\"\u001b[39m\n                    \u001b[36m>\u001b[39m\n                      \u001b[0mfrontend\u001b[0m\n                      \u001b[0m · port \u001b[0m\n                      \u001b[0m3000\u001b[0m\n                    \u001b[36m</p>\u001b[39m\n                  \u001b[36m</div>\u001b[39m\n                  \u001b[36m<div\u001b[39m\n                    \u001b[33mclass\u001b[39m=\u001b[32m\"flex items-center gap-3\"\u001b[39m\n                  \u001b[36m>\u001b[39m\n                    \u001b[36m<span\u001b[39m\n                      \u001b[33mclass\u001b[39m=\u001b[32m\"px-2.5 py-0.5 rounded-full text-xs font-semibold tracking-wide border bg-green-50 text-green-700 border-green-200/50 shadow-sm\"\u001b[39m\n                    \u001b[36m>\u001b[39m\n                      \u001b[0mUP\u001b[0m\n                    \u001b[36m</span>\u001b[39m\n                    \u001b[36m<button\u001b[39m\n                      \u001b[33mclass\u001b[39m=\u001b[32m\"bg-green-600 text-white px-3 py-1.5 rounded-lg text-xs font-medium hover:bg-green-700 disabled:opacity-50\"\u001b[39m\n                      \u001b[33mdisabled\u001b[39m=\u001b[32m\"\"\u001b[39m\n                      \u001b[33mtype\u001b[39m=\u001b[32m\"button\"\u001b[39m\n                    \u001b[36m>\u001b[39m\n                      \u001b[0mStart\u001b[0m\n                    \u001b[36m</button>\u001b[39m\n                    \u001b[36m<button\u001b[39m\n                      \u001b[33mclass\u001b[39m=\u001b[32m\"bg-red-600 text-white px-3 py-1.5 rounded-lg text-xs font-medium hover:bg-red-700 disabled:opacity-50\"\u001b[39m\n                      \u001b[33mtype\u001b[39m=\u001b[32m\"button\"\u001b[39m\n                    \u001b[36m>\u001b[39m\n                      \u001b[0mStop\u001b[0m\n                    \u001b[36m</button>\u001b[39m\n                  \u001b[36m</div>\u001b[39m\n                \u001b[36m</div>\u001b[39m\n              \u001b[36m</div>\u001b[39m\n            \u001b[36m</div>\u001b[39m\n          \u001b[36m</div>\u001b[39m\n        \u001b[36m</div>\u001b[39m\n      \u001b[36m</body>\u001b[39m\n    \u001b[36m</html>\u001b[39m\n\n    \u001b[0m \u001b[90m 153 |\u001b[39m\n     \u001b[90m 154 |\u001b[39m     \u001b[36mawait\u001b[39m waitFor(() \u001b[33m=>\u001b[39m {\n    \u001b[31m\u001b[1m>\u001b[22m\u001b[39m\u001b[90m 155 |\u001b[39m       expect(stopConsoleService)\u001b[33m.\u001b[39mtoHaveBeenCalledWith(\u001b[32m'profile'\u001b[39m)\u001b[33m;\u001b[39m\n     \u001b[90m     |\u001b[39m                                  \u001b[31m\u001b[1m^\u001b[22m\u001b[39m\n     \u001b[90m 156 |\u001b[39m     })\u001b[33m;\u001b[39m\n     \u001b[90m 157 |\u001b[39m     \u001b[36mawait\u001b[39m waitFor(() \u001b[33m=>\u001b[39m {\n     \u001b[90m 158 |\u001b[39m       expect(getConsoleStatus)\u001b[33m.\u001b[39mtoHaveBeenCalledTimes(\u001b[35m2\u001b[39m)\u001b[33m;\u001b[39m\u001b[0m\n\n      at src/pages/Admin/ApplicationConsole.test.js:155:34\n      at runWithExpensiveErrorDiagnosticsDisabled (node_modules/@testing-library/dom/dist/config.js:47:12)\n      at checkCallback (node_modules/@testing-library/dom/dist/wait-for.js:124:77)\n      at checkRealTimersCallback (node_modules/@testing-library/dom/dist/wait-for.js:118:16)\n      at Timeout.task [as _onTimeout] (node_modules/jsdom/lib/jsdom/browser/Window.js:516:19)\n",
      "name": "C:\\Users\\91779\\IdeaProjects\\suchika\\web\\src\\pages\\Admin\\ApplicationConsole.test.js",
      "startTime": 1784381988035,
      "status": "failed",
      "summary": ""
    }
  ],
  "wasInterrupted": false
}
